<?xml version="1.0" encoding="UTF-8"?>
<testsuite name="GigasecondTest" tests="1" skipped="0" failures="0" errors="0" timestamp="2022-06-10T12:50:50" hostname="Dans-MacBook-Pro.local" time="0.008">
  <properties/>
  <testcase name="date only specification of time" classname="GigasecondTest" time="0.008"/>
  <system-out><![CDATA[]]></system-out>
  <system-err><![CDATA[]]></system-err>
</testsuite>
