<?xml version="1.0" encoding="UTF-8"?>
<testsuite name="TwoFerTest" tests="4" skipped="3" failures="0" errors="0" timestamp="2022-06-09T17:15:56" hostname="Dans-MacBook-Pro.local" time="0.008">
  <properties/>
  <testcase name="noNameGiven" classname="TwoFerTest" time="0.007"/>
  <testcase name="emptyStringGiven" classname="TwoFerTest" time="0.0">
    <skipped/>
  </testcase>
  <testcase name="aNameGiven" classname="TwoFerTest" time="0.0">
    <skipped/>
  </testcase>
  <testcase name="anotherNameGiven" classname="TwoFerTest" time="0.0">
    <skipped/>
  </testcase>
  <system-out><![CDATA[]]></system-out>
  <system-err><![CDATA[]]></system-err>
</testsuite>
